\BOOKMARK [0][-]{chapter*.9}{\376\377\000I\000n\000t\000r\000o\000d\000u\000c\000t\000i\000o\000n\000\040\000g\000\351\000n\000\351\000r\000a\000l\000e}{}% 1
\BOOKMARK [0][-]{chapter.1}{\376\377\000C\000o\000n\000t\000e\000x\000t\000e\000\040\000G\000\351\000n\000\351\000r\000a\000l\000\040\000e\000t\000\040\000\311\000t\000a\000t\000\040\000d\000e\000\040\000l\000'\000A\000r\000t}{}% 2
\BOOKMARK [1][-]{section.1.1}{\376\377\000P\000r\000\351\000s\000e\000n\000t\000a\000t\000i\000o\000n\000\040\000d\000e\000\040\000l\000'\000O\000r\000g\000a\000n\000i\000s\000m\000e\000\040\000d\000'\000A\000c\000c\000u\000e\000i\000l}{chapter.1}% 3
\BOOKMARK [2][-]{subsection.1.1.1}{\376\377\000H\000i\000s\000t\000o\000r\000i\000q\000u\000e\000\040\000e\000t\000\040\000M\000i\000s\000s\000i\000o\000n}{section.1.1}% 4
\BOOKMARK [2][-]{subsection.1.1.2}{\376\377\000D\000o\000m\000a\000i\000n\000e\000s\000\040\000d\000'\000A\000c\000t\000i\000v\000i\000t\000\351\000\040\000e\000t\000\040\000E\000x\000p\000e\000r\000t\000i\000s\000e}{section.1.1}% 5
\BOOKMARK [2][-]{subsection.1.1.3}{\376\377\000O\000r\000g\000a\000n\000i\000s\000a\000t\000i\000o\000n\000\040\000e\000t\000\040\000S\000t\000r\000u\000c\000t\000u\000r\000e}{section.1.1}% 6
\BOOKMARK [1][-]{section.1.2}{\376\377\000P\000r\000o\000b\000l\000\351\000m\000a\000t\000i\000q\000u\000e\000\040\000d\000e\000\040\000l\000a\000\040\000G\000o\000u\000v\000e\000r\000n\000a\000n\000c\000e\000\040\000d\000e\000s\000\040\000D\000o\000n\000n\000\351\000e\000s}{chapter.1}% 7
\BOOKMARK [2][-]{subsection.1.2.1}{\376\377\000C\000o\000n\000t\000e\000x\000t\000e\000\040\000e\000t\000\040\000E\000n\000j\000e\000u\000x\000\040\000C\000r\000i\000t\000i\000q\000u\000e\000s}{section.1.2}% 8
\BOOKMARK [2][-]{subsection.1.2.2}{\376\377\000D\000\351\000f\000i\000s\000\040\000C\000r\000i\000t\000i\000q\000u\000e\000s\000\040\000d\000e\000s\000\040\000E\000n\000t\000r\000e\000p\000r\000i\000s\000e\000s\000\040\000M\000o\000d\000e\000r\000n\000e\000s}{section.1.2}% 9
\BOOKMARK [3][-]{subsubsection.1.2.2.1}{\376\377\000C\000o\000m\000p\000l\000e\000x\000i\000t\000\351\000\040\000d\000'\000I\000n\000t\000\351\000g\000r\000a\000t\000i\000o\000n\000\040\000M\000u\000l\000t\000i\000-\000S\000o\000u\000r\000c\000e\000s}{subsection.1.2.2}% 10
\BOOKMARK [3][-]{subsubsection.1.2.2.2}{\376\377\000D\000\351\000f\000i\000s\000\040\000d\000e\000\040\000l\000a\000\040\000C\000l\000a\000s\000s\000i\000f\000i\000c\000a\000t\000i\000o\000n\000\040\000e\000t\000\040\000P\000r\000o\000t\000e\000c\000t\000i\000o\000n\000\040\000d\000e\000s\000\040\000D\000o\000n\000n\000\351\000e\000s}{subsection.1.2.2}% 11
\BOOKMARK [3][-]{subsubsection.1.2.2.3}{\376\377\000F\000r\000a\000g\000m\000e\000n\000t\000a\000t\000i\000o\000n\000\040\000d\000e\000\040\000l\000'\000O\000r\000c\000h\000e\000s\000t\000r\000a\000t\000i\000o\000n\000\040\000e\000t\000\040\000d\000e\000\040\000l\000a\000\040\000T\000r\000a\000\347\000a\000b\000i\000l\000i\000t\000\351}{subsection.1.2.2}% 12
\BOOKMARK [3][-]{subsubsection.1.2.2.4}{\376\377\000C\000o\000n\000f\000o\000r\000m\000i\000t\000\351\000\040\000R\000\351\000g\000l\000e\000m\000e\000n\000t\000a\000i\000r\000e}{subsection.1.2.2}% 13
\BOOKMARK [2][-]{subsection.1.2.3}{\376\377\000B\000e\000s\000o\000i\000n\000s\000\040\000C\000r\000i\000t\000i\000q\000u\000e\000s\000\040\000I\000d\000e\000n\000t\000i\000f\000i\000\351\000s\000\040\000e\000t\000\040\000E\000x\000i\000g\000e\000n\000c\000e\000s\000\040\000T\000e\000c\000h\000n\000i\000q\000u\000e\000s}{section.1.2}% 14
\BOOKMARK [1][-]{section.1.3}{\376\377\000\311\000t\000u\000d\000e\000\040\000d\000e\000s\000\040\000S\000o\000l\000u\000t\000i\000o\000n\000s\000\040\000E\000x\000i\000s\000t\000a\000n\000t\000e\000s}{chapter.1}% 15
\BOOKMARK [2][-]{subsection.1.3.1}{\376\377\000M\000i\000c\000r\000o\000s\000o\000f\000t\000\040\000A\000z\000u\000r\000e\000\040\000P\000u\000r\000v\000i\000e\000w}{section.1.3}% 16
\BOOKMARK [3][-]{subsubsection.1.3.1.1}{\376\377\000A\000r\000c\000h\000i\000t\000e\000c\000t\000u\000r\000e\000\040\000e\000t\000\040\000F\000o\000n\000c\000t\000i\000o\000n\000n\000a\000l\000i\000t\000\351\000s}{subsection.1.3.1}% 17
\BOOKMARK [3][-]{subsubsection.1.3.1.2}{\376\377\000L\000i\000m\000i\000t\000a\000t\000i\000o\000n\000s\000\040\000I\000d\000e\000n\000t\000i\000f\000i\000\351\000e\000s}{subsection.1.3.1}% 18
\BOOKMARK [2][-]{subsection.1.3.2}{\376\377\000D\000a\000t\000a\000b\000r\000i\000c\000k\000s\000\040\000U\000n\000i\000t\000y\000\040\000C\000a\000t\000a\000l\000o\000g}{section.1.3}% 19
\BOOKMARK [3][-]{subsubsection.1.3.2.1}{\376\377\000L\000i\000m\000i\000t\000a\000t\000i\000o\000n\000s\000\040\000I\000d\000e\000n\000t\000i\000f\000i\000\351\000e\000s}{subsection.1.3.2}% 20
\BOOKMARK [2][-]{subsection.1.3.3}{\376\377\000A\000u\000t\000r\000e\000s\000\040\000S\000o\000l\000u\000t\000i\000o\000n\000s}{section.1.3}% 21
\BOOKMARK [3][-]{subsubsection.1.3.3.1}{\376\377\000C\000o\000l\000l\000i\000b\000r\000a}{subsection.1.3.3}% 22
\BOOKMARK [3][-]{subsubsection.1.3.3.2}{\376\377\000A\000l\000a\000t\000i\000o\000n}{subsection.1.3.3}% 23
\BOOKMARK [3][-]{subsubsection.1.3.3.3}{\376\377\000I\000n\000f\000o\000r\000m\000a\000t\000i\000c\000a}{subsection.1.3.3}% 24
\BOOKMARK [2][-]{subsection.1.3.4}{\376\377\000A\000n\000a\000l\000y\000s\000e\000\040\000C\000o\000m\000p\000a\000r\000a\000t\000i\000v\000e}{section.1.3}% 25
\BOOKMARK [1][-]{section.1.4}{\376\377\000P\000o\000s\000i\000t\000i\000o\000n\000n\000e\000m\000e\000n\000t\000\040\000e\000t\000\040\000I\000n\000n\000o\000v\000a\000t\000i\000o\000n\000\040\000d\000e\000\040\000D\000a\000t\000a\000W\000a\000v\000e}{chapter.1}% 26
\BOOKMARK [2][-]{subsection.1.4.1}{\376\377\000C\000o\000n\000n\000e\000c\000t\000i\000v\000i\000t\000\351\000\040\000U\000n\000i\000v\000e\000r\000s\000e\000l\000l\000e\000\040\000e\000t\000\040\000A\000r\000c\000h\000i\000t\000e\000c\000t\000u\000r\000e\000\040\000D\000i\000s\000t\000r\000i\000b\000u\000\351\000e}{section.1.4}% 27
\BOOKMARK [3][-]{subsubsection.1.4.1.1}{\376\377\000S\000u\000p\000p\000o\000r\000t\000\040\000M\000u\000l\000t\000i\000-\000B\000a\000s\000e\000s\000\040\000d\000e\000\040\000D\000o\000n\000n\000\351\000e\000s\000\040\000N\000a\000t\000i\000f}{subsection.1.4.1}% 28
\BOOKMARK [3][-]{subsubsection.1.4.1.2}{\376\377\000A\000r\000c\000h\000i\000t\000e\000c\000t\000u\000r\000e\000\040\000E\000d\000g\000e\000\040\000C\000o\000m\000p\000u\000t\000i\000n\000g\000\040\000D\000i\000s\000t\000r\000i\000b\000u\000\351\000e}{subsection.1.4.1}% 29
\BOOKMARK [2][-]{subsection.1.4.2}{\376\377\000I\000n\000t\000e\000l\000l\000i\000g\000e\000n\000c\000e\000\040\000A\000r\000t\000i\000f\000i\000c\000i\000e\000l\000l\000e\000\040\000e\000t\000\040\000A\000u\000t\000o\000m\000a\000t\000i\000s\000a\000t\000i\000o\000n\000\040\000A\000v\000a\000n\000c\000\351\000e}{section.1.4}% 30
\BOOKMARK [3][-]{subsubsection.1.4.2.1}{\376\377\000S\000y\000s\000t\000\350\000m\000e\000\040\000d\000e\000\040\000C\000l\000a\000s\000s\000i\000f\000i\000c\000a\000t\000i\000o\000n\000\040\000I\000n\000t\000e\000l\000l\000i\000g\000e\000n\000t}{subsection.1.4.2}% 31
\BOOKMARK [2][-]{subsection.1.4.3}{\376\377\000A\000r\000c\000h\000i\000t\000e\000c\000t\000u\000r\000e\000\040\000M\000o\000d\000u\000l\000a\000i\000r\000e\000\040\000I\000n\000t\000\351\000g\000r\000\351\000e}{section.1.4}% 32
\BOOKMARK [3][-]{subsubsection.1.4.3.1}{\376\377\000S\000e\000p\000t\000\040\000M\000o\000d\000u\000l\000e\000s\000\040\000d\000e\000\040\000G\000o\000u\000v\000e\000r\000n\000a\000n\000c\000e\000\040\000I\000n\000t\000e\000r\000c\000o\000n\000n\000e\000c\000t\000\351\000s}{subsection.1.4.3}% 33
\BOOKMARK [2][-]{subsection.1.4.4}{\376\377\000P\000e\000r\000f\000o\000r\000m\000a\000n\000c\000e\000\040\000e\000t\000\040\000S\000c\000a\000l\000a\000b\000i\000l\000i\000t\000\351\000\040\000E\000n\000t\000e\000r\000p\000r\000i\000s\000e}{section.1.4}% 34
\BOOKMARK [3][-]{subsubsection.1.4.4.1}{\376\377\000P\000e\000r\000f\000o\000r\000m\000a\000n\000c\000e\000\040\000e\000t\000\040\000S\000c\000a\000l\000a\000b\000i\000l\000i\000t\000\351\000\040\000S\000u\000p\000\351\000r\000i\000e\000u\000r\000e\000s}{subsection.1.4.4}% 35
\BOOKMARK [2][-]{subsection.1.4.5}{\376\377\000V\000a\000l\000e\000u\000r\000\040\000A\000j\000o\000u\000t\000\351\000e\000\040\000e\000t\000\040\000D\000i\000f\000f\000\351\000r\000e\000n\000c\000i\000a\000t\000i\000o\000n}{section.1.4}% 36
\BOOKMARK [2][-]{subsection.1.4.6}{\376\377\000V\000i\000s\000i\000o\000n\000\040\000e\000t\000\040\000R\000o\000a\000d\000m\000a\000p}{section.1.4}% 37
\BOOKMARK [0][-]{chapter.2}{\376\377\000A\000n\000a\000l\000y\000s\000e\000\040\000e\000t\000\040\000C\000o\000n\000c\000e\000p\000t\000i\000o\000n\000\040\000d\000u\000\040\000S\000y\000s\000t\000\350\000m\000e}{}% 38
\BOOKMARK [1][-]{section.2.1}{\376\377\000I\000d\000e\000n\000t\000i\000f\000i\000c\000a\000t\000i\000o\000n\000\040\000d\000e\000s\000\040\000A\000c\000t\000e\000u\000r\000s}{chapter.2}% 39
\BOOKMARK [2][-]{subsection.2.1.1}{\376\377\000A\000c\000t\000e\000u\000r\000s\000\040\000P\000r\000i\000n\000c\000i\000p\000a\000u\000x}{section.2.1}% 40
\BOOKMARK [3][-]{subsubsection.2.1.1.1}{\376\377\000D\000a\000t\000a\000\040\000S\000t\000e\000w\000a\000r\000d\000\040\000\050\000G\000e\000s\000t\000i\000o\000n\000n\000a\000i\000r\000e\000\040\000d\000e\000\040\000D\000o\000n\000n\000\351\000e\000s\000\051}{subsection.2.1.1}% 41
\BOOKMARK [3][-]{subsubsection.2.1.1.2}{\376\377\000D\000a\000t\000a\000\040\000E\000n\000g\000i\000n\000e\000e\000r\000\040\000\050\000I\000n\000g\000\351\000n\000i\000e\000u\000r\000\040\000d\000e\000\040\000D\000o\000n\000n\000\351\000e\000s\000\051}{subsection.2.1.1}% 42
\BOOKMARK [3][-]{subsubsection.2.1.1.3}{\376\377\000C\000o\000m\000p\000l\000i\000a\000n\000c\000e\000\040\000O\000f\000f\000i\000c\000e\000r\000\040\000\050\000R\000e\000s\000p\000o\000n\000s\000a\000b\000l\000e\000\040\000C\000o\000n\000f\000o\000r\000m\000i\000t\000\351\000\051}{subsection.2.1.1}% 43
\BOOKMARK [3][-]{subsubsection.2.1.1.4}{\376\377\000D\000a\000t\000a\000\040\000A\000n\000a\000l\000y\000s\000t\000\040\000\050\000A\000n\000a\000l\000y\000s\000t\000e\000\040\000d\000e\000\040\000D\000o\000n\000n\000\351\000e\000s\000\051}{subsection.2.1.1}% 44
\BOOKMARK [2][-]{subsection.2.1.2}{\376\377\000A\000c\000t\000e\000u\000r\000s\000\040\000S\000e\000c\000o\000n\000d\000a\000i\000r\000e\000s}{section.2.1}% 45
\BOOKMARK [3][-]{subsubsection.2.1.2.1}{\376\377\000A\000d\000m\000i\000n\000i\000s\000t\000r\000a\000t\000e\000u\000r\000\040\000S\000y\000s\000t\000\350\000m\000e}{subsection.2.1.2}% 46
\BOOKMARK [3][-]{subsubsection.2.1.2.2}{\376\377\000S\000e\000c\000u\000r\000i\000t\000y\000\040\000O\000f\000f\000i\000c\000e\000r\000\040\000\050\000R\000e\000s\000p\000o\000n\000s\000a\000b\000l\000e\000\040\000S\000\351\000c\000u\000r\000i\000t\000\351\000\051}{subsection.2.1.2}% 47
\BOOKMARK [3][-]{subsubsection.2.1.2.3}{\376\377\000B\000u\000s\000i\000n\000e\000s\000s\000\040\000U\000s\000e\000r\000\040\000\050\000U\000t\000i\000l\000i\000s\000a\000t\000e\000u\000r\000\040\000M\000\351\000t\000i\000e\000r\000\051}{subsection.2.1.2}% 48
\BOOKMARK [2][-]{subsection.2.1.3}{\376\377\000D\000i\000a\000g\000r\000a\000m\000m\000e\000\040\000d\000e\000s\000\040\000A\000c\000t\000e\000u\000r\000s}{section.2.1}% 49
\BOOKMARK [1][-]{section.2.2}{\376\377\000A\000n\000a\000l\000y\000s\000e\000\040\000d\000e\000s\000\040\000B\000e\000s\000o\000i\000n\000s}{chapter.2}% 50
\BOOKMARK [2][-]{subsection.2.2.1}{\376\377\000B\000e\000s\000o\000i\000n\000s\000\040\000F\000o\000n\000c\000t\000i\000o\000n\000n\000e\000l\000s}{section.2.2}% 51
\BOOKMARK [3][-]{subsubsection.2.2.1.1}{\376\377\000G\000e\000s\000t\000i\000o\000n\000\040\000U\000n\000i\000v\000e\000r\000s\000e\000l\000l\000e\000\040\000d\000e\000s\000\040\000S\000o\000u\000r\000c\000e\000s\000\040\000d\000e\000\040\000D\000o\000n\000n\000\351\000e\000s}{subsection.2.2.1}% 52
\BOOKMARK [3][-]{subsubsection.2.2.1.2}{\376\377\000D\000\351\000c\000o\000u\000v\000e\000r\000t\000e\000\040\000e\000t\000\040\000C\000a\000t\000a\000l\000o\000g\000a\000g\000e\000\040\000A\000u\000t\000o\000m\000a\000t\000i\000q\000u\000e}{subsection.2.2.1}% 53
\BOOKMARK [3][-]{subsubsection.2.2.1.3}{\376\377\000C\000l\000a\000s\000s\000i\000f\000i\000c\000a\000t\000i\000o\000n\000\040\000I\000n\000t\000e\000l\000l\000i\000g\000e\000n\000t\000e\000\040\000d\000e\000s\000\040\000D\000o\000n\000n\000\351\000e\000s}{subsection.2.2.1}% 54
\BOOKMARK [3][-]{subsubsection.2.2.1.4}{\376\377\000R\000\350\000g\000l\000e\000s\000\040\000d\000e\000\040\000S\000c\000a\000n\000\040\000C\000o\000n\000f\000i\000g\000u\000r\000a\000b\000l\000e\000s}{subsection.2.2.1}% 55
\BOOKMARK [3][-]{subsubsection.2.2.1.5}{\376\377\000O\000r\000c\000h\000e\000s\000t\000r\000a\000t\000i\000o\000n\000\040\000d\000e\000s\000\040\000S\000c\000a\000n\000s}{subsection.2.2.1}% 56
\BOOKMARK [3][-]{subsubsection.2.2.1.6}{\376\377\000C\000o\000n\000f\000o\000r\000m\000i\000t\000\351\000\040\000R\000\351\000g\000l\000e\000m\000e\000n\000t\000a\000i\000r\000e}{subsection.2.2.1}% 57
\BOOKMARK [3][-]{subsubsection.2.2.1.7}{\376\377\000C\000o\000n\000t\000r\000\364\000l\000e\000\040\000d\000'\000A\000c\000c\000\350\000s\000\040\000G\000r\000a\000n\000u\000l\000a\000i\000r\000e}{subsection.2.2.1}% 58
\BOOKMARK [2][-]{subsection.2.2.2}{\376\377\000B\000e\000s\000o\000i\000n\000s\000\040\000N\000o\000n\000-\000F\000o\000n\000c\000t\000i\000o\000n\000n\000e\000l\000s}{section.2.2}% 59
\BOOKMARK [3][-]{subsubsection.2.2.2.1}{\376\377\000P\000e\000r\000f\000o\000r\000m\000a\000n\000c\000e}{subsection.2.2.2}% 60
\BOOKMARK [3][-]{subsubsection.2.2.2.2}{\376\377\000S\000c\000a\000l\000a\000b\000i\000l\000i\000t\000\351}{subsection.2.2.2}% 61
\BOOKMARK [3][-]{subsubsection.2.2.2.3}{\376\377\000S\000\351\000c\000u\000r\000i\000t\000\351}{subsection.2.2.2}% 62
\BOOKMARK [3][-]{subsubsection.2.2.2.4}{\376\377\000D\000i\000s\000p\000o\000n\000i\000b\000i\000l\000i\000t\000\351}{subsection.2.2.2}% 63
\BOOKMARK [3][-]{subsubsection.2.2.2.5}{\376\377\000M\000a\000i\000n\000t\000e\000n\000a\000b\000i\000l\000i\000t\000\351}{subsection.2.2.2}% 64
\BOOKMARK [3][-]{subsubsection.2.2.2.6}{\376\377\000I\000n\000t\000e\000r\000o\000p\000\351\000r\000a\000b\000i\000l\000i\000t\000\351}{subsection.2.2.2}% 65
\BOOKMARK [1][-]{section.2.3}{\376\377\000A\000r\000c\000h\000i\000t\000e\000c\000t\000u\000r\000e\000\040\000G\000l\000o\000b\000a\000l\000e\000\040\000d\000u\000\040\000S\000y\000s\000t\000\350\000m\000e}{chapter.2}% 66
\BOOKMARK [2][-]{subsection.2.3.1}{\376\377\000V\000u\000e\000\040\000d\000'\000E\000n\000s\000e\000m\000b\000l\000e\000\040\000d\000e\000\040\000l\000'\000A\000r\000c\000h\000i\000t\000e\000c\000t\000u\000r\000e}{section.2.3}% 67
\BOOKMARK [3][-]{subsubsection.2.3.1.1}{\376\377\000A\000r\000c\000h\000i\000t\000e\000c\000t\000u\000r\000e\000\040\000M\000i\000c\000r\000o\000s\000e\000r\000v\000i\000c\000e\000s}{subsection.2.3.1}% 68
\BOOKMARK [3][-]{subsubsection.2.3.1.2}{\376\377\000S\000\351\000p\000a\000r\000a\000t\000i\000o\000n\000\040\000F\000r\000o\000n\000t\000e\000n\000d\000/\000B\000a\000c\000k\000e\000n\000d}{subsection.2.3.1}% 69
\BOOKMARK [3][-]{subsubsection.2.3.1.3}{\376\377\000A\000r\000c\000h\000i\000t\000e\000c\000t\000u\000r\000e\000\040\000E\000d\000g\000e\000\040\000C\000o\000m\000p\000u\000t\000i\000n\000g\000\040\000R\000\351\000v\000o\000l\000u\000t\000i\000o\000n\000n\000a\000i\000r\000e}{subsection.2.3.1}% 70
\BOOKMARK [2][-]{subsection.2.3.2}{\376\377\000L\000e\000s\000\040\0007\000\040\000M\000o\000d\000u\000l\000e\000s\000\040\000d\000e\000\040\000G\000o\000u\000v\000e\000r\000n\000a\000n\000c\000e}{section.2.3}% 71
\BOOKMARK [3][-]{subsubsection.2.3.2.1}{\376\377\000M\000o\000d\000u\000l\000e\000\040\0001\000\040\000:\000\040\000D\000a\000t\000a\000\040\000S\000o\000u\000r\000c\000e\000\040\000M\000a\000n\000a\000g\000e\000m\000e\000n\000t\000\040\000\050\000F\000o\000n\000d\000a\000t\000i\000o\000n\000\051}{subsection.2.3.2}% 72
\BOOKMARK [3][-]{subsubsection.2.3.2.2}{\376\377\000M\000o\000d\000u\000l\000e\000\040\0002\000\040\000:\000\040\000D\000a\000t\000a\000\040\000C\000a\000t\000a\000l\000o\000g\000\040\000S\000y\000s\000t\000e\000m\000\040\000\050\000I\000n\000t\000e\000l\000l\000i\000g\000e\000n\000c\000e\000\051}{subsection.2.3.2}% 73
\BOOKMARK [3][-]{subsubsection.2.3.2.3}{\376\377\000M\000o\000d\000u\000l\000e\000\040\0003\000\040\000:\000\040\000C\000l\000a\000s\000s\000i\000f\000i\000c\000a\000t\000i\000o\000n\000\040\000S\000y\000s\000t\000e\000m\000\040\000\050\000A\000u\000t\000o\000m\000a\000t\000i\000s\000a\000t\000i\000o\000n\000\051}{subsection.2.3.2}% 74
\BOOKMARK [3][-]{subsubsection.2.3.2.4}{\376\377\000M\000o\000d\000u\000l\000e\000\040\0004\000\040\000:\000\040\000S\000c\000a\000n\000\040\000R\000u\000l\000e\000\040\000S\000e\000t\000s\000\040\000\050\000D\000\351\000f\000i\000n\000i\000t\000i\000o\000n\000\051}{subsection.2.3.2}% 75
\BOOKMARK [3][-]{subsubsection.2.3.2.5}{\376\377\000M\000o\000d\000u\000l\000e\000\040\0005\000\040\000:\000\040\000S\000c\000a\000n\000\040\000L\000o\000g\000i\000c\000\040\000\050\000E\000x\000\351\000c\000u\000t\000i\000o\000n\000\051}{subsection.2.3.2}% 76
\BOOKMARK [3][-]{subsubsection.2.3.2.6}{\376\377\000M\000o\000d\000u\000l\000e\000\040\0006\000\040\000:\000\040\000C\000o\000m\000p\000l\000i\000a\000n\000c\000e\000\040\000S\000y\000s\000t\000e\000m\000\040\000\050\000G\000o\000u\000v\000e\000r\000n\000a\000n\000c\000e\000\051}{subsection.2.3.2}% 77
\BOOKMARK [3][-]{subsubsection.2.3.2.7}{\376\377\000M\000o\000d\000u\000l\000e\000\040\0007\000\040\000:\000\040\000R\000B\000A\000C\000/\000A\000c\000c\000e\000s\000s\000\040\000C\000o\000n\000t\000r\000o\000l\000\040\000\050\000S\000\351\000c\000u\000r\000i\000t\000\351\000\051}{subsection.2.3.2}% 78
\BOOKMARK [2][-]{subsection.2.3.3}{\376\377\000I\000n\000t\000\351\000g\000r\000a\000t\000i\000o\000n\000\040\000e\000t\000\040\000O\000r\000c\000h\000e\000s\000t\000r\000a\000t\000i\000o\000n\000\040\000:\000\040\000R\000a\000c\000i\000n\000e\000\040\000M\000a\000i\000n\000\040\000M\000a\000n\000a\000g\000e\000r}{section.2.3}% 79
\BOOKMARK [0][-]{chapter.3}{\376\377\000R\000\351\000a\000l\000i\000s\000a\000t\000i\000o\000n\000\040\000e\000t\000\040\000I\000m\000p\000l\000\351\000m\000e\000n\000t\000a\000t\000i\000o\000n}{}% 80
\BOOKMARK [1][-]{section.3.1}{\376\377\000M\000o\000d\000u\000l\000e\000\040\000D\000a\000t\000a\000\040\000S\000o\000u\000r\000c\000e\000\040\000M\000a\000n\000a\000g\000e\000m\000e\000n\000t\000\040\000:\000\040\000C\000o\000n\000n\000e\000c\000t\000i\000v\000i\000t\000\351\000\040\000U\000n\000i\000v\000e\000r\000s\000e\000l\000l\000e}{chapter.3}% 81
\BOOKMARK [2][-]{subsection.3.1.1}{\376\377\000A\000r\000c\000h\000i\000t\000e\000c\000t\000u\000r\000e\000\040\000d\000e\000\040\000C\000o\000n\000n\000e\000c\000t\000i\000v\000i\000t\000\351\000\040\000U\000n\000i\000v\000e\000r\000s\000e\000l\000l\000e}{section.3.1}% 82
\BOOKMARK [3][-]{subsubsection.3.1.1.1}{\376\377\000S\000u\000p\000p\000o\000r\000t\000\040\000M\000u\000l\000t\000i\000-\000B\000a\000s\000e\000s\000\040\000d\000e\000\040\000D\000o\000n\000n\000\351\000e\000s}{subsection.3.1.1}% 83
\BOOKMARK [3][-]{subsubsection.3.1.1.2}{\376\377\000G\000e\000s\000t\000i\000o\000n\000\040\000A\000v\000a\000n\000c\000\351\000e\000\040\000d\000e\000s\000\040\000C\000o\000n\000n\000e\000x\000i\000o\000n\000s\000\040\000a\000v\000e\000c\000\040\000P\000g\000B\000o\000u\000n\000c\000e\000r}{subsection.3.1.1}% 84
\BOOKMARK [2][-]{subsection.3.1.2}{\376\377\000D\000\351\000c\000o\000u\000v\000e\000r\000t\000e\000\040\000I\000n\000t\000e\000l\000l\000i\000g\000e\000n\000t\000e\000\040\000d\000e\000\040\000S\000c\000h\000\351\000m\000a\000s}{section.3.1}% 85
\BOOKMARK [3][-]{subsubsection.3.1.2.1}{\376\377\000S\000t\000r\000a\000t\000\351\000g\000i\000e\000s\000\040\000d\000e\000\040\000D\000\351\000c\000o\000u\000v\000e\000r\000t\000e\000\040\000A\000d\000a\000p\000t\000a\000t\000i\000v\000e\000s}{subsection.3.1.2}% 86
\BOOKMARK [3][-]{subsubsection.3.1.2.2}{\376\377\000E\000n\000r\000i\000c\000h\000i\000s\000s\000e\000m\000e\000n\000t\000\040\000p\000a\000r\000\040\000I\000n\000t\000e\000l\000l\000i\000g\000e\000n\000c\000e\000\040\000A\000r\000t\000i\000f\000i\000c\000i\000e\000l\000l\000e}{subsection.3.1.2}% 87
\BOOKMARK [2][-]{subsection.3.1.3}{\376\377\000S\000\351\000c\000u\000r\000i\000t\000\351\000\040\000e\000t\000\040\000A\000u\000t\000h\000e\000n\000t\000i\000f\000i\000c\000a\000t\000i\000o\000n\000\040\000M\000u\000l\000t\000i\000-\000M\000\351\000t\000h\000o\000d\000e\000s}{section.3.1}% 88
\BOOKMARK [3][-]{subsubsection.3.1.3.1}{\376\377\000M\000\351\000t\000h\000o\000d\000e\000s\000\040\000d\000'\000A\000u\000t\000h\000e\000n\000t\000i\000f\000i\000c\000a\000t\000i\000o\000n\000\040\000S\000u\000p\000p\000o\000r\000t\000\351\000e\000s}{subsection.3.1.3}% 89
\BOOKMARK [3][-]{subsubsection.3.1.3.2}{\376\377\000C\000h\000i\000f\000f\000r\000e\000m\000e\000n\000t\000\040\000S\000S\000L\000/\000T\000L\000S\000\040\000C\000o\000m\000p\000l\000e\000t}{subsection.3.1.3}% 90
\BOOKMARK [2][-]{subsection.3.1.4}{\376\377\000H\000e\000a\000l\000t\000h\000\040\000M\000o\000n\000i\000t\000o\000r\000i\000n\000g\000\040\000e\000t\000\040\000F\000a\000i\000l\000o\000v\000e\000r\000\040\000A\000u\000t\000o\000m\000a\000t\000i\000q\000u\000e}{section.3.1}% 91
\BOOKMARK [3][-]{subsubsection.3.1.4.1}{\376\377\000M\000o\000n\000i\000t\000o\000r\000i\000n\000g\000\040\000e\000n\000\040\000T\000e\000m\000p\000s\000\040\000R\000\351\000e\000l}{subsection.3.1.4}% 92
\BOOKMARK [3][-]{subsubsection.3.1.4.2}{\376\377\000F\000a\000i\000l\000o\000v\000e\000r\000\040\000A\000u\000t\000o\000m\000a\000t\000i\000q\000u\000e}{subsection.3.1.4}% 93
\BOOKMARK [2][-]{subsection.3.1.5}{\376\377\000I\000n\000t\000e\000r\000f\000a\000c\000e\000s\000\040\000e\000t\000\040\000F\000o\000n\000c\000t\000i\000o\000n\000n\000a\000l\000i\000t\000\351\000s}{section.3.1}% 94
\BOOKMARK [3][-]{subsubsection.3.1.5.1}{\376\377\000I\000n\000t\000e\000r\000f\000a\000c\000e\000\040\000d\000e\000\040\000G\000e\000s\000t\000i\000o\000n\000\040\000d\000e\000s\000\040\000S\000o\000u\000r\000c\000e\000s}{subsection.3.1.5}% 95
\BOOKMARK [3][-]{subsubsection.3.1.5.2}{\376\377\000C\000o\000n\000f\000i\000g\000u\000r\000a\000t\000i\000o\000n\000\040\000d\000'\000u\000n\000e\000\040\000S\000o\000u\000r\000c\000e\000\040\000P\000o\000s\000t\000g\000r\000e\000S\000Q\000L}{subsection.3.1.5}% 96
\BOOKMARK [3][-]{subsubsection.3.1.5.3}{\376\377\000T\000e\000s\000t\000\040\000d\000e\000\040\000C\000o\000n\000n\000e\000x\000i\000o\000n\000\040\000e\000t\000\040\000H\000e\000a\000l\000t\000h\000\040\000M\000o\000n\000i\000t\000o\000r\000i\000n\000g}{subsection.3.1.5}% 97
\BOOKMARK [1][-]{section.3.2}{\376\377\000M\000o\000d\000u\000l\000e\000\040\000D\000a\000t\000a\000\040\000C\000a\000t\000a\000l\000o\000g\000\040\000:\000\040\000I\000n\000t\000e\000l\000l\000i\000g\000e\000n\000c\000e\000\040\000e\000t\000\040\000T\000r\000a\000\347\000a\000b\000i\000l\000i\000t\000\351}{chapter.3}% 98
\BOOKMARK [2][-]{subsection.3.2.1}{\376\377\000C\000a\000t\000a\000l\000o\000g\000a\000g\000e\000\040\000A\000u\000t\000o\000m\000a\000t\000i\000q\000u\000e\000\040\000d\000e\000s\000\040\000A\000s\000s\000e\000t\000s}{section.3.2}% 99
\BOOKMARK [3][-]{subsubsection.3.2.1.1}{\376\377\000S\000y\000n\000c\000h\000r\000o\000n\000i\000s\000a\000t\000i\000o\000n\000\040\000e\000n\000\040\000T\000e\000m\000p\000s\000\040\000R\000\351\000e\000l}{subsection.3.2.1}% 100
\BOOKMARK [3][-]{subsubsection.3.2.1.2}{\376\377\000M\000\351\000t\000a\000d\000o\000n\000n\000\351\000e\000s\000\040\000E\000n\000r\000i\000c\000h\000i\000e\000s}{subsection.3.2.1}% 101
\BOOKMARK [2][-]{subsection.3.2.2}{\376\377\000D\000a\000t\000a\000\040\000L\000i\000n\000e\000a\000g\000e\000\040\000:\000\040\000T\000r\000a\000\347\000a\000b\000i\000l\000i\000t\000\351\000\040\000C\000o\000m\000p\000l\000\350\000t\000e}{section.3.2}% 102
\BOOKMARK [3][-]{subsubsection.3.2.2.1}{\376\377\000L\000i\000n\000e\000a\000g\000e\000\040\000a\000u\000\040\000N\000i\000v\000e\000a\000u\000\040\000C\000o\000l\000o\000n\000n\000e}{subsection.3.2.2}% 103
\BOOKMARK [3][-]{subsubsection.3.2.2.2}{\376\377\000V\000i\000s\000u\000a\000l\000i\000s\000a\000t\000i\000o\000n\000\040\000I\000n\000t\000e\000r\000a\000c\000t\000i\000v\000e\000\040\000d\000u\000\040\000L\000i\000n\000e\000a\000g\000e}{subsection.3.2.2}% 104
\BOOKMARK [1][-]{section.3.3}{\376\377\000M\000o\000d\000u\000l\000e\000\040\000C\000l\000a\000s\000s\000i\000f\000i\000c\000a\000t\000i\000o\000n\000\040\000S\000y\000s\000t\000e\000m\000\040\000:\000\040\000I\000n\000t\000e\000l\000l\000i\000g\000e\000n\000c\000e\000\040\000A\000u\000t\000o\000m\000a\000t\000i\000q\000u\000e}{chapter.3}% 105
\BOOKMARK [2][-]{subsection.3.3.1}{\376\377\000C\000l\000a\000s\000s\000i\000f\000i\000c\000a\000t\000i\000o\000n\000\040\000M\000u\000l\000t\000i\000-\000N\000i\000v\000e\000a\000u\000x}{section.3.3}% 106
\BOOKMARK [3][-]{subsubsection.3.3.1.1}{\376\377\000T\000r\000o\000i\000s\000\040\000A\000p\000p\000r\000o\000c\000h\000e\000s\000\040\000C\000o\000m\000p\000l\000\351\000m\000e\000n\000t\000a\000i\000r\000e\000s}{subsection.3.3.1}% 107
\BOOKMARK [2][-]{subsection.3.3.2}{\376\377\000G\000e\000s\000t\000i\000o\000n\000\040\000d\000e\000\040\000l\000a\000\040\000S\000e\000n\000s\000i\000b\000i\000l\000i\000t\000\351\000\040\000d\000e\000s\000\040\000D\000o\000n\000n\000\351\000e\000s}{section.3.3}% 108
\BOOKMARK [3][-]{subsubsection.3.3.2.1}{\376\377\000C\000a\000t\000\351\000g\000o\000r\000i\000e\000s\000\040\000d\000e\000\040\000S\000e\000n\000s\000i\000b\000i\000l\000i\000t\000\351}{subsection.3.3.2}% 109
\BOOKMARK [3][-]{subsubsection.3.3.2.2}{\376\377\000H\000\351\000r\000i\000t\000a\000g\000e\000\040\000H\000i\000\351\000r\000a\000r\000c\000h\000i\000q\000u\000e}{subsection.3.3.2}% 110
\BOOKMARK [2][-]{subsection.3.3.3}{\376\377\000M\000o\000t\000e\000u\000r\000\040\000d\000e\000\040\000P\000a\000t\000t\000e\000r\000n\000s\000\040\000A\000v\000a\000n\000c\000\351}{section.3.3}% 111
\BOOKMARK [3][-]{subsubsection.3.3.3.1}{\376\377\000T\000y\000p\000e\000s\000\040\000d\000e\000\040\000P\000a\000t\000t\000e\000r\000n\000s\000\040\000S\000u\000p\000p\000o\000r\000t\000\351\000s}{subsection.3.3.3}% 112
\BOOKMARK [3][-]{subsubsection.3.3.3.2}{\376\377\000S\000c\000o\000r\000i\000n\000g\000\040\000d\000e\000\040\000C\000o\000n\000f\000i\000a\000n\000c\000e}{subsection.3.3.3}% 113
\BOOKMARK [2][-]{subsection.3.3.4}{\376\377\000A\000p\000p\000r\000e\000n\000t\000i\000s\000s\000a\000g\000e\000\040\000C\000o\000n\000t\000i\000n\000u}{section.3.3}% 114
\BOOKMARK [3][-]{subsubsection.3.3.4.1}{\376\377\000F\000e\000e\000d\000b\000a\000c\000k\000\040\000L\000o\000o\000p}{subsection.3.3.4}% 115
\BOOKMARK [2][-]{subsection.3.3.5}{\376\377\000I\000n\000t\000e\000r\000f\000a\000c\000e\000s\000\040\000e\000t\000\040\000R\000\351\000s\000u\000l\000t\000a\000t\000s}{section.3.3}% 116
\BOOKMARK [3][-]{subsubsection.3.3.5.1}{\376\377\000I\000n\000t\000e\000r\000f\000a\000c\000e\000\040\000d\000e\000\040\000G\000e\000s\000t\000i\000o\000n\000\040\000d\000e\000s\000\040\000R\000\350\000g\000l\000e\000s}{subsection.3.3.5}% 117
\BOOKMARK [3][-]{subsubsection.3.3.5.2}{\376\377\000C\000o\000n\000f\000i\000g\000u\000r\000a\000t\000i\000o\000n\000\040\000d\000'\000u\000n\000e\000\040\000R\000\350\000g\000l\000e\000\040\000P\000I\000I}{subsection.3.3.5}% 118
\BOOKMARK [3][-]{subsubsection.3.3.5.3}{\376\377\000R\000\351\000s\000u\000l\000t\000a\000t\000s\000\040\000d\000e\000\040\000C\000l\000a\000s\000s\000i\000f\000i\000c\000a\000t\000i\000o\000n}{subsection.3.3.5}% 119
\BOOKMARK [1][-]{section.3.4}{\376\377\000M\000o\000d\000u\000l\000e\000\040\000S\000c\000a\000n\000\040\000R\000u\000l\000e\000\040\000S\000e\000t\000s\000\040\000:\000\040\000G\000e\000s\000t\000i\000o\000n\000\040\000I\000n\000t\000e\000l\000l\000i\000g\000e\000n\000t\000e\000\040\000d\000e\000s\000\040\000R\000\350\000g\000l\000e\000s}{chapter.3}% 120
\BOOKMARK [2][-]{subsection.3.4.1}{\376\377\000M\000o\000t\000e\000u\000r\000\040\000d\000e\000\040\000R\000\350\000g\000l\000e\000s\000\040\000I\000n\000t\000e\000l\000l\000i\000g\000e\000n\000t}{section.3.4}% 121
\BOOKMARK [3][-]{subsubsection.3.4.1.1}{\376\377\000C\000y\000c\000l\000e\000\040\000d\000e\000\040\000V\000i\000e\000\040\000C\000o\000m\000p\000l\000e\000t}{subsection.3.4.1}% 122
\BOOKMARK [3][-]{subsubsection.3.4.1.2}{\376\377\000V\000e\000r\000s\000i\000o\000n\000i\000n\000g\000\040\000e\000t\000\040\000A\000u\000d\000i\000t\000\040\000T\000r\000a\000i\000l}{subsection.3.4.1}% 123
\BOOKMARK [2][-]{subsection.3.4.2}{\376\377\000O\000p\000t\000i\000m\000i\000s\000a\000t\000i\000o\000n\000\040\000e\000t\000\040\000P\000e\000r\000f\000o\000r\000m\000a\000n\000c\000e}{section.3.4}% 124
\BOOKMARK [3][-]{subsubsection.3.4.2.1}{\376\377\000S\000t\000r\000a\000t\000\351\000g\000i\000e\000s\000\040\000d\000'\000O\000p\000t\000i\000m\000i\000s\000a\000t\000i\000o\000n}{subsection.3.4.2}% 125
\BOOKMARK [3][-]{subsubsection.3.4.2.2}{\376\377\000S\000t\000r\000a\000t\000\351\000g\000i\000e\000s\000\040\000d\000'\000E\000x\000\351\000c\000u\000t\000i\000o\000n}{subsection.3.4.2}% 126
\BOOKMARK [3][-]{subsubsection.3.4.2.3}{\376\377\000C\000a\000c\000h\000i\000n\000g\000\040\000M\000u\000l\000t\000i\000-\000N\000i\000v\000e\000a\000u\000x}{subsection.3.4.2}% 127
\BOOKMARK [2][-]{subsection.3.4.3}{\376\377\000B\000i\000b\000l\000i\000o\000t\000h\000\350\000q\000u\000e\000\040\000d\000e\000\040\000P\000a\000t\000t\000e\000r\000n\000s}{section.3.4}% 128
\BOOKMARK [3][-]{subsubsection.3.4.3.1}{\376\377\000T\000e\000m\000p\000l\000a\000t\000e\000s\000\040\000P\000r\000\351\000-\000C\000o\000n\000s\000t\000r\000u\000i\000t\000s}{subsection.3.4.3}% 129
\BOOKMARK [3][-]{subsubsection.3.4.3.2}{\376\377\000A\000n\000a\000l\000y\000t\000i\000c\000s\000\040\000d\000'\000U\000t\000i\000l\000i\000s\000a\000t\000i\000o\000n}{subsection.3.4.3}% 130
\BOOKMARK [2][-]{subsection.3.4.4}{\376\377\000I\000n\000t\000e\000r\000f\000a\000c\000e\000s\000\040\000e\000t\000\040\000C\000o\000n\000f\000i\000g\000u\000r\000a\000t\000i\000o\000n}{section.3.4}% 131
\BOOKMARK [3][-]{subsubsection.3.4.4.1}{\376\377\000I\000n\000t\000e\000r\000f\000a\000c\000e\000\040\000d\000e\000\040\000C\000r\000\351\000a\000t\000i\000o\000n\000\040\000d\000e\000\040\000R\000\350\000g\000l\000e}{subsection.3.4.4}% 132
\BOOKMARK [3][-]{subsubsection.3.4.4.2}{\376\377\000C\000o\000n\000f\000i\000g\000u\000r\000a\000t\000i\000o\000n\000\040\000A\000v\000a\000n\000c\000\351\000e}{subsection.3.4.4}% 133
\BOOKMARK [1][-]{section.3.5}{\376\377\000M\000o\000d\000u\000l\000e\000\040\000S\000c\000a\000n\000\040\000L\000o\000g\000i\000c\000\040\000:\000\040\000O\000r\000c\000h\000e\000s\000t\000r\000a\000t\000i\000o\000n\000\040\000D\000i\000s\000t\000r\000i\000b\000u\000\351\000e}{chapter.3}% 134
\BOOKMARK [2][-]{subsection.3.5.1}{\376\377\000W\000o\000r\000k\000f\000l\000o\000w\000\040\000E\000n\000g\000i\000n\000e\000\040\000M\000u\000l\000t\000i\000-\000\311\000t\000a\000p\000e\000s}{section.3.5}% 135
\BOOKMARK [3][-]{subsubsection.3.5.1.1}{\376\377\000A\000r\000c\000h\000i\000t\000e\000c\000t\000u\000r\000e\000\040\000d\000u\000\040\000W\000o\000r\000k\000f\000l\000o\000w\000\040\000E\000n\000g\000i\000n\000e}{subsection.3.5.1}% 136
\BOOKMARK [2][-]{subsection.3.5.2}{\376\377\000O\000r\000c\000h\000e\000s\000t\000r\000a\000t\000i\000o\000n\000\040\000D\000i\000s\000t\000r\000i\000b\000u\000\351\000e\000\040\000s\000u\000r\000\040\000E\000d\000g\000e\000\040\000N\000o\000d\000e\000s}{section.3.5}% 137
\BOOKMARK [3][-]{subsubsection.3.5.2.1}{\376\377\000A\000r\000c\000h\000i\000t\000e\000c\000t\000u\000r\000e\000\040\000D\000i\000s\000t\000r\000i\000b\000u\000\351\000e}{subsection.3.5.2}% 138
\BOOKMARK [3][-]{subsubsection.3.5.2.2}{\376\377\000A\000l\000l\000o\000c\000a\000t\000i\000o\000n\000\040\000D\000y\000n\000a\000m\000i\000q\000u\000e\000\040\000d\000e\000\040\000R\000e\000s\000s\000o\000u\000r\000c\000e\000s}{subsection.3.5.2}% 139
\BOOKMARK [2][-]{subsection.3.5.3}{\376\377\000M\000o\000n\000i\000t\000o\000r\000i\000n\000g\000\040\000e\000n\000\040\000T\000e\000m\000p\000s\000\040\000R\000\351\000e\000l}{section.3.5}% 140
\BOOKMARK [3][-]{subsubsection.3.5.3.1}{\376\377\000D\000a\000s\000h\000b\000o\000a\000r\000d\000\040\000d\000e\000\040\000M\000o\000n\000i\000t\000o\000r\000i\000n\000g}{subsection.3.5.3}% 141
\BOOKMARK [3][-]{subsubsection.3.5.3.2}{\376\377\000P\000r\000o\000g\000r\000e\000s\000s\000i\000o\000n\000\040\000d\000e\000s\000\040\000S\000c\000a\000n\000s}{subsection.3.5.3}% 142
\BOOKMARK [2][-]{subsection.3.5.4}{\376\377\000A\000l\000e\000r\000t\000i\000n\000g\000\040\000e\000t\000\040\000G\000e\000s\000t\000i\000o\000n\000\040\000d\000e\000s\000\040\000E\000r\000r\000e\000u\000r\000s}{section.3.5}% 143
\BOOKMARK [3][-]{subsubsection.3.5.4.1}{\376\377\000S\000y\000s\000t\000\350\000m\000e\000\040\000d\000'\000A\000l\000e\000r\000t\000i\000n\000g}{subsection.3.5.4}% 144
\BOOKMARK [1][-]{section.3.6}{\376\377\000M\000o\000d\000u\000l\000e\000\040\000C\000o\000m\000p\000l\000i\000a\000n\000c\000e\000\040\000S\000y\000s\000t\000e\000m\000\040\000:\000\040\000C\000o\000n\000f\000o\000r\000m\000i\000t\000\351\000\040\000A\000u\000t\000o\000m\000a\000t\000i\000s\000\351\000e}{chapter.3}% 145
\BOOKMARK [2][-]{subsection.3.6.1}{\376\377\000S\000u\000p\000p\000o\000r\000t\000\040\000M\000u\000l\000t\000i\000-\000F\000r\000a\000m\000e\000w\000o\000r\000k\000s}{section.3.6}% 146
\BOOKMARK [3][-]{subsubsection.3.6.1.1}{\376\377\000F\000r\000a\000m\000e\000w\000o\000r\000k\000s\000\040\000S\000u\000p\000p\000o\000r\000t\000\351\000s}{subsection.3.6.1}% 147
\BOOKMARK [2][-]{subsection.3.6.2}{\376\377\000\311\000v\000a\000l\000u\000a\000t\000i\000o\000n\000\040\000A\000u\000t\000o\000m\000a\000t\000i\000q\000u\000e}{section.3.6}% 148
\BOOKMARK [3][-]{subsubsection.3.6.2.1}{\376\377\000S\000c\000o\000p\000e\000s\000\040\000d\000e\000\040\000R\000\350\000g\000l\000e\000s}{subsection.3.6.2}% 149
\BOOKMARK [3][-]{subsubsection.3.6.2.2}{\376\377\000P\000r\000o\000c\000e\000s\000s\000u\000s\000\040\000d\000'\000\311\000v\000a\000l\000u\000a\000t\000i\000o\000n}{subsection.3.6.2}% 150
\BOOKMARK [2][-]{subsection.3.6.3}{\376\377\000G\000e\000s\000t\000i\000o\000n\000\040\000d\000e\000s\000\040\000I\000s\000s\000u\000e\000s\000\040\000e\000t\000\040\000R\000e\000m\000\351\000d\000i\000a\000t\000i\000o\000n}{section.3.6}% 151
\BOOKMARK [3][-]{subsubsection.3.6.3.1}{\376\377\000D\000\351\000t\000e\000c\000t\000i\000o\000n\000\040\000e\000t\000\040\000P\000r\000i\000o\000r\000i\000s\000a\000t\000i\000o\000n}{subsection.3.6.3}% 152
\BOOKMARK [2][-]{subsection.3.6.4}{\376\377\000R\000e\000p\000o\000r\000t\000i\000n\000g\000\040\000e\000t\000\040\000A\000u\000d\000i\000t}{section.3.6}% 153
\BOOKMARK [3][-]{subsubsection.3.6.4.1}{\376\377\000D\000a\000s\000h\000b\000o\000a\000r\000d\000\040\000d\000e\000\040\000C\000o\000n\000f\000o\000r\000m\000i\000t\000\351}{subsection.3.6.4}% 154
\BOOKMARK [3][-]{subsubsection.3.6.4.2}{\376\377\000R\000a\000p\000p\000o\000r\000t\000s\000\040\000d\000'\000A\000u\000d\000i\000t}{subsection.3.6.4}% 155
\BOOKMARK [1][-]{section.3.7}{\376\377\000M\000o\000d\000u\000l\000e\000\040\000R\000B\000A\000C\000\040\000:\000\040\000S\000\351\000c\000u\000r\000i\000t\000\351\000\040\000e\000t\000\040\000C\000o\000n\000t\000r\000\364\000l\000e\000\040\000d\000'\000A\000c\000c\000\350\000s}{chapter.3}% 156
\BOOKMARK [2][-]{subsection.3.7.1}{\376\377\000C\000o\000n\000t\000r\000\364\000l\000e\000\040\000d\000'\000A\000c\000c\000\350\000s\000\040\000G\000r\000a\000n\000u\000l\000a\000i\000r\000e}{section.3.7}% 157
\BOOKMARK [3][-]{subsubsection.3.7.1.1}{\376\377\000A\000r\000c\000h\000i\000t\000e\000c\000t\000u\000r\000e\000\040\000R\000B\000A\000C}{subsection.3.7.1}% 158
\BOOKMARK [3][-]{subsubsection.3.7.1.2}{\376\377\000A\000B\000A\000C\000\040\000\050\000A\000t\000t\000r\000i\000b\000u\000t\000e\000-\000B\000a\000s\000e\000d\000\040\000A\000c\000c\000e\000s\000s\000\040\000C\000o\000n\000t\000r\000o\000l\000\051}{subsection.3.7.1}% 159
\BOOKMARK [2][-]{subsection.3.7.2}{\376\377\000M\000u\000l\000t\000i\000-\000T\000e\000n\000a\000n\000c\000y\000\040\000e\000t\000\040\000I\000s\000o\000l\000a\000t\000i\000o\000n}{section.3.7}% 160
\BOOKMARK [2][-]{subsection.3.7.3}{\376\377\000A\000u\000d\000i\000t\000\040\000e\000t\000\040\000T\000r\000a\000\347\000a\000b\000i\000l\000i\000t\000\351}{section.3.7}% 161
\BOOKMARK [0][-]{chapter.4}{\376\377\000T\000e\000s\000t\000s\000,\000\040\000D\000\351\000p\000l\000o\000i\000e\000m\000e\000n\000t\000\040\000e\000t\000\040\000R\000\351\000s\000u\000l\000t\000a\000t\000s}{}% 162
\BOOKMARK [1][-]{section.4.1}{\376\377\000S\000t\000r\000a\000t\000\351\000g\000i\000e\000\040\000d\000e\000\040\000T\000e\000s\000t\000s}{chapter.4}% 163
\BOOKMARK [2][-]{subsection.4.1.1}{\376\377\000T\000e\000s\000t\000s\000\040\000U\000n\000i\000t\000a\000i\000r\000e\000s}{section.4.1}% 164
\BOOKMARK [3][-]{subsubsection.4.1.1.1}{\376\377\000C\000o\000u\000v\000e\000r\000t\000u\000r\000e\000\040\000d\000e\000\040\000T\000e\000s\000t\000s}{subsection.4.1.1}% 165
\BOOKMARK [3][-]{subsubsection.4.1.1.2}{\376\377\000F\000r\000a\000m\000e\000w\000o\000r\000k\000\040\000d\000e\000\040\000T\000e\000s\000t\000s}{subsection.4.1.1}% 166
\BOOKMARK [2][-]{subsection.4.1.2}{\376\377\000T\000e\000s\000t\000s\000\040\000d\000'\000I\000n\000t\000\351\000g\000r\000a\000t\000i\000o\000n}{section.4.1}% 167
\BOOKMARK [3][-]{subsubsection.4.1.2.1}{\376\377\000T\000e\000s\000t\000s\000\040\000d\000'\000I\000n\000t\000\351\000g\000r\000a\000t\000i\000o\000n\000\040\000A\000P\000I}{subsection.4.1.2}% 168
\BOOKMARK [3][-]{subsubsection.4.1.2.2}{\376\377\000T\000e\000s\000t\000s\000\040\000d\000'\000I\000n\000t\000\351\000g\000r\000a\000t\000i\000o\000n\000\040\000B\000a\000s\000e\000\040\000d\000e\000\040\000D\000o\000n\000n\000\351\000e\000s}{subsection.4.1.2}% 169
\BOOKMARK [2][-]{subsection.4.1.3}{\376\377\000T\000e\000s\000t\000s\000\040\000d\000e\000\040\000P\000e\000r\000f\000o\000r\000m\000a\000n\000c\000e}{section.4.1}% 170
\BOOKMARK [3][-]{subsubsection.4.1.3.1}{\376\377\000T\000e\000s\000t\000s\000\040\000d\000e\000\040\000C\000h\000a\000r\000g\000e}{subsection.4.1.3}% 171
\BOOKMARK [3][-]{subsubsection.4.1.3.2}{\376\377\000T\000e\000s\000t\000s\000\040\000d\000e\000\040\000S\000t\000r\000e\000s\000s}{subsection.4.1.3}% 172
\BOOKMARK [3][-]{subsubsection.4.1.3.3}{\376\377\000B\000e\000n\000c\000h\000m\000a\000r\000k\000i\000n\000g}{subsection.4.1.3}% 173
\BOOKMARK [2][-]{subsection.4.1.4}{\376\377\000T\000e\000s\000t\000s\000\040\000d\000e\000\040\000S\000\351\000c\000u\000r\000i\000t\000\351}{section.4.1}% 174
\BOOKMARK [3][-]{subsubsection.4.1.4.1}{\376\377\000T\000e\000s\000t\000s\000\040\000d\000e\000\040\000P\000\351\000n\000\351\000t\000r\000a\000t\000i\000o\000n}{subsection.4.1.4}% 175
\BOOKMARK [3][-]{subsubsection.4.1.4.2}{\376\377\000T\000e\000s\000t\000s\000\040\000d\000e\000\040\000C\000o\000n\000f\000o\000r\000m\000i\000t\000\351\000\040\000S\000\351\000c\000u\000r\000i\000t\000\351}{subsection.4.1.4}% 176
\BOOKMARK [2][-]{subsection.4.1.5}{\376\377\000T\000e\000s\000t\000s\000\040\000d\000'\000A\000c\000c\000e\000p\000t\000a\000t\000i\000o\000n\000\040\000U\000t\000i\000l\000i\000s\000a\000t\000e\000u\000r}{section.4.1}% 177
\BOOKMARK [3][-]{subsubsection.4.1.5.1}{\376\377\000C\000l\000i\000e\000n\000t\000s\000\040\000P\000i\000l\000o\000t\000e\000s}{subsection.4.1.5}% 178
\BOOKMARK [1][-]{section.4.2}{\376\377\000I\000n\000f\000r\000a\000s\000t\000r\000u\000c\000t\000u\000r\000e\000\040\000e\000t\000\040\000D\000\351\000p\000l\000o\000i\000e\000m\000e\000n\000t}{chapter.4}% 179
\BOOKMARK [2][-]{subsection.4.2.1}{\376\377\000A\000r\000c\000h\000i\000t\000e\000c\000t\000u\000r\000e\000\040\000d\000e\000\040\000D\000\351\000p\000l\000o\000i\000e\000m\000e\000n\000t}{section.4.2}% 180
\BOOKMARK [3][-]{subsubsection.4.2.1.1}{\376\377\000A\000r\000c\000h\000i\000t\000e\000c\000t\000u\000r\000e\000\040\000K\000u\000b\000e\000r\000n\000e\000t\000e\000s}{subsection.4.2.1}% 181
\BOOKMARK [3][-]{subsubsection.4.2.1.2}{\376\377\000C\000o\000n\000f\000i\000g\000u\000r\000a\000t\000i\000o\000n\000\040\000d\000e\000s\000\040\000R\000e\000s\000s\000o\000u\000r\000c\000e\000s}{subsection.4.2.1}% 182
\BOOKMARK [2][-]{subsection.4.2.2}{\376\377\000C\000o\000n\000f\000i\000g\000u\000r\000a\000t\000i\000o\000n\000\040\000P\000r\000o\000d\000u\000c\000t\000i\000o\000n}{section.4.2}% 183
\BOOKMARK [3][-]{subsubsection.4.2.2.1}{\376\377\000B\000a\000s\000e\000\040\000d\000e\000\040\000D\000o\000n\000n\000\351\000e\000s\000\040\000P\000o\000s\000t\000g\000r\000e\000S\000Q\000L}{subsection.4.2.2}% 184
\BOOKMARK [3][-]{subsubsection.4.2.2.2}{\376\377\000C\000a\000c\000h\000e\000\040\000R\000e\000d\000i\000s}{subsection.4.2.2}% 185
\BOOKMARK [3][-]{subsubsection.4.2.2.3}{\376\377\000M\000e\000s\000s\000a\000g\000e\000\040\000Q\000u\000e\000u\000e\000\040\000K\000a\000f\000k\000a}{subsection.4.2.2}% 186
\BOOKMARK [2][-]{subsection.4.2.3}{\376\377\000M\000o\000n\000i\000t\000o\000r\000i\000n\000g\000\040\000e\000t\000\040\000O\000b\000s\000e\000r\000v\000a\000b\000i\000l\000i\000t\000\351}{section.4.2}% 187
\BOOKMARK [3][-]{subsubsection.4.2.3.1}{\376\377\000S\000t\000a\000c\000k\000\040\000d\000e\000\040\000M\000o\000n\000i\000t\000o\000r\000i\000n\000g}{subsection.4.2.3}% 188
\BOOKMARK [3][-]{subsubsection.4.2.3.2}{\376\377\000M\000\351\000t\000r\000i\000q\000u\000e\000s\000\040\000M\000o\000n\000i\000t\000o\000r\000\351\000e\000s}{subsection.4.2.3}% 189
\BOOKMARK [2][-]{subsection.4.2.4}{\376\377\000H\000a\000u\000t\000e\000\040\000D\000i\000s\000p\000o\000n\000i\000b\000i\000l\000i\000t\000\351\000\040\000e\000t\000\040\000D\000i\000s\000a\000s\000t\000e\000r\000\040\000R\000e\000c\000o\000v\000e\000r\000y}{section.4.2}% 190
\BOOKMARK [3][-]{subsubsection.4.2.4.1}{\376\377\000S\000t\000r\000a\000t\000\351\000g\000i\000e\000\040\000d\000e\000\040\000H\000a\000u\000t\000e\000\040\000D\000i\000s\000p\000o\000n\000i\000b\000i\000l\000i\000t\000\351}{subsection.4.2.4}% 191
\BOOKMARK [3][-]{subsubsection.4.2.4.2}{\376\377\000P\000l\000a\000n\000\040\000d\000e\000\040\000D\000i\000s\000a\000s\000t\000e\000r\000\040\000R\000e\000c\000o\000v\000e\000r\000y}{subsection.4.2.4}% 192
\BOOKMARK [1][-]{section.4.3}{\376\377\000R\000\351\000s\000u\000l\000t\000a\000t\000s\000\040\000e\000t\000\040\000P\000e\000r\000f\000o\000r\000m\000a\000n\000c\000e\000s}{chapter.4}% 193
\BOOKMARK [2][-]{subsection.4.3.1}{\376\377\000M\000\351\000t\000r\000i\000q\000u\000e\000s\000\040\000d\000e\000\040\000P\000e\000r\000f\000o\000r\000m\000a\000n\000c\000e\000\040\000e\000n\000\040\000P\000r\000o\000d\000u\000c\000t\000i\000o\000n}{section.4.3}% 194
\BOOKMARK [3][-]{subsubsection.4.3.1.1}{\376\377\000P\000e\000r\000f\000o\000r\000m\000a\000n\000c\000e\000\040\000A\000P\000I}{subsection.4.3.1}% 195
\BOOKMARK [3][-]{subsubsection.4.3.1.2}{\376\377\000P\000e\000r\000f\000o\000r\000m\000a\000n\000c\000e\000\040\000d\000e\000\040\000D\000\351\000c\000o\000u\000v\000e\000r\000t\000e\000\040\000e\000t\000\040\000S\000c\000a\000n\000n\000i\000n\000g}{subsection.4.3.1}% 196
\BOOKMARK [2][-]{subsection.4.3.2}{\376\377\000S\000c\000a\000l\000a\000b\000i\000l\000i\000t\000\351\000\040\000D\000\351\000m\000o\000n\000t\000r\000\351\000e}{section.4.3}% 197
\BOOKMARK [3][-]{subsubsection.4.3.2.1}{\376\377\000T\000e\000s\000t\000\040\000d\000e\000\040\000S\000c\000a\000l\000a\000b\000i\000l\000i\000t\000\351\000\040\000H\000o\000r\000i\000z\000o\000n\000t\000a\000l\000e}{subsection.4.3.2}% 198
\BOOKMARK [3][-]{subsubsection.4.3.2.2}{\376\377\000C\000a\000p\000a\000c\000i\000t\000\351\000\040\000M\000a\000x\000i\000m\000a\000l\000e\000\040\000T\000e\000s\000t\000\351\000e}{subsection.4.3.2}% 199
\BOOKMARK [2][-]{subsection.4.3.3}{\376\377\000R\000\351\000s\000u\000l\000t\000a\000t\000s\000\040\000d\000e\000\040\000C\000l\000a\000s\000s\000i\000f\000i\000c\000a\000t\000i\000o\000n}{section.4.3}% 200
\BOOKMARK [3][-]{subsubsection.4.3.3.1}{\376\377\000P\000r\000\351\000c\000i\000s\000i\000o\000n\000\040\000d\000e\000\040\000C\000l\000a\000s\000s\000i\000f\000i\000c\000a\000t\000i\000o\000n}{subsection.4.3.3}% 201
\BOOKMARK [3][-]{subsubsection.4.3.3.2}{\376\377\000\311\000v\000o\000l\000u\000t\000i\000o\000n\000\040\000d\000e\000\040\000l\000a\000\040\000P\000r\000\351\000c\000i\000s\000i\000o\000n}{subsection.4.3.3}% 202
\BOOKMARK [2][-]{subsection.4.3.4}{\376\377\000C\000o\000n\000f\000o\000r\000m\000i\000t\000\351\000\040\000e\000t\000\040\000G\000o\000u\000v\000e\000r\000n\000a\000n\000c\000e}{section.4.3}% 203
\BOOKMARK [1][-]{section.4.4}{\376\377\000A\000n\000a\000l\000y\000s\000e\000\040\000C\000o\000m\000p\000a\000r\000a\000t\000i\000v\000e}{chapter.4}% 204
\BOOKMARK [2][-]{subsection.4.4.1}{\376\377\000C\000o\000m\000p\000a\000r\000a\000i\000s\000o\000n\000\040\000a\000v\000e\000c\000\040\000M\000i\000c\000r\000o\000s\000o\000f\000t\000\040\000A\000z\000u\000r\000e\000\040\000P\000u\000r\000v\000i\000e\000w}{section.4.4}% 205
\BOOKMARK [2][-]{subsection.4.4.2}{\376\377\000C\000o\000m\000p\000a\000r\000a\000i\000s\000o\000n\000\040\000a\000v\000e\000c\000\040\000D\000a\000t\000a\000b\000r\000i\000c\000k\000s\000\040\000U\000n\000i\000t\000y\000\040\000C\000a\000t\000a\000l\000o\000g}{section.4.4}% 206
\BOOKMARK [2][-]{subsection.4.4.3}{\376\377\000C\000o\000m\000p\000a\000r\000a\000i\000s\000o\000n\000\040\000G\000l\000o\000b\000a\000l\000e}{section.4.4}% 207
\BOOKMARK [2][-]{subsection.4.4.4}{\376\377\000R\000O\000I\000\040\000e\000t\000\040\000V\000a\000l\000e\000u\000r\000\040\000M\000\351\000t\000i\000e\000r}{section.4.4}% 208
\BOOKMARK [3][-]{subsubsection.4.4.4.1}{\376\377\000A\000n\000a\000l\000y\000s\000e\000\040\000d\000e\000\040\000R\000O\000I}{subsection.4.4.4}% 209
\BOOKMARK [1][-]{section.4.5}{\376\377\000R\000e\000t\000o\000u\000r\000s\000\040\000U\000t\000i\000l\000i\000s\000a\000t\000e\000u\000r\000s\000\040\000e\000t\000\040\000V\000a\000l\000i\000d\000a\000t\000i\000o\000n}{chapter.4}% 210
\BOOKMARK [2][-]{subsection.4.5.1}{\376\377\000C\000a\000s\000\040\000d\000'\000U\000s\000a\000g\000e\000\040\000V\000a\000l\000i\000d\000\351\000s}{section.4.5}% 211
\BOOKMARK [3][-]{subsubsection.4.5.1.1}{\376\377\000S\000e\000c\000t\000e\000u\000r\000\040\000F\000i\000n\000a\000n\000c\000e\000\040\000\050\000C\000l\000i\000e\000n\000t\000\040\000A\000\051}{subsection.4.5.1}% 212
\BOOKMARK [3][-]{subsubsection.4.5.1.2}{\376\377\000S\000e\000c\000t\000e\000u\000r\000\040\000S\000a\000n\000t\000\351\000\040\000\050\000C\000l\000i\000e\000n\000t\000\040\000B\000\051}{subsection.4.5.1}% 213
\BOOKMARK [3][-]{subsubsection.4.5.1.3}{\376\377\000S\000e\000c\000t\000e\000u\000r\000\040\000E\000-\000c\000o\000m\000m\000e\000r\000c\000e\000\040\000\050\000C\000l\000i\000e\000n\000t\000\040\000C\000\051}{subsection.4.5.1}% 214
\BOOKMARK [2][-]{subsection.4.5.2}{\376\377\000F\000e\000e\000d\000b\000a\000c\000k\000\040\000e\000t\000\040\000A\000m\000\351\000l\000i\000o\000r\000a\000t\000i\000o\000n\000s}{section.4.5}% 215
\BOOKMARK [0][-]{chapter*.113}{\376\377\000C\000o\000n\000c\000l\000u\000s\000i\000o\000n\000\040\000g\000\351\000n\000\351\000r\000a\000l\000e}{}% 216
\BOOKMARK [0][-]{chapter*.114}{\376\377\000A\000n\000n\000e\000x\000e\000s}{}% 217
\BOOKMARK [1][-]{section*.115}{\376\377\000A\000n\000n\000e\000x\000e\000\040\0001\000.\000\040\000E\000x\000e\000m\000p\000l\000e\000\040\000d\000'\000a\000n\000n\000e\000x\000e}{chapter*.114}% 218
\BOOKMARK [1][-]{table.5.1}{\376\377\000A\000n\000n\000e\000x\000e\000\040\0002\000.\000\040\000E\000n\000t\000r\000e\000p\000r\000i\000s\000e}{chapter*.114}% 219
